<?xml version="1.0" encoding="UTF-8"?>
<!-- Generated by org.testng.reporters.JUnitReportReporter -->
<testsuite skipped="0" hostname="DESKTOP-GR7BR71" name="Scripts.WeatherDataTest" tests="1" failures="0" timestamp="2021-01-03T11:42:09 IST" time="35.345" errors="0">
  <testcase name="getWeatherData" time="35.345" classname="Scripts.WeatherDataTest"/>
  <system-out>
Sucessufully MouseOver and Click Sucessufully  Click  Sucessufully  Click  </system-out>
</testsuite> <!-- Scripts.WeatherDataTest -->
