<?xml version="1.0" encoding="UTF-8"?>
<!-- Generated by org.testng.reporters.JUnitReportReporter -->
<testsuite skipped="0" hostname="DESKTOP-GR7BR71" name="Scripts.Comparator" tests="1" failures="0" timestamp="2021-01-03T11:42:09 IST" time="0.642" errors="0">
  <testcase name="compare" time="0.642" classname="Scripts.Comparator"/>
  <system-out/>
</testsuite> <!-- Scripts.Comparator -->
